# JRE version: Java(TM) SE Runtime Environment 18.9 (11.0.11+9) (build 11.0.11+9-LTS-194)
# Java VM: Java HotSpot(TM) 64-Bit Server VM 18.9 (11.0.11+9-LTS-194, mixed mode, tiered, compressed oops, g1 gc, windows-amd64)
Heap:
 garbage-first heap   total 155648K, used 66891K [0x0000000082000000, 0x0000000100000000)
  region size 1024K, 38 young (38912K), 11 survivors (11264K)
 Metaspace       used 90661K, capacity 92834K, committed 93004K, reserved 1130496K
  class space    used 11866K, capacity 12763K, committed 12876K, reserved 1048576K
GC Heap History (10 events):
Event: 6.822 GC heap before
{Heap before GC invocations=12 (full 0):
 garbage-first heap   total 129024K, used 91395K [0x0000000082000000, 0x0000000100000000)
  region size 1024K, 72 young (73728K), 6 survivors (6144K)
 Metaspace       used 56783K, capacity 58218K, committed 58368K, reserved 1099776K
  class space    used 7298K, capacity 7873K, committed 7936K, reserved 1048576K
}
Event: 6.831 GC heap after
{Heap after GC invocations=13 (full 0):
 garbage-first heap   total 155648K, used 26049K [0x0000000082000000, 0x0000000100000000)
  region size 1024K, 4 young (4096K), 4 survivors (4096K)
 Metaspace       used 56783K, capacity 58218K, committed 58368K, reserved 1099776K
  class space    used 7298K, capacity 7873K, committed 7936K, reserved 1048576K
}
Event: 6.978 GC heap before
{Heap before GC invocations=13 (full 0):
 garbage-first heap   total 155648K, used 34241K [0x0000000082000000, 0x0000000100000000)
  region size 1024K, 13 young (13312K), 4 survivors (4096K)
 Metaspace       used 58696K, capacity 60203K, committed 60288K, reserved 1101824K
  class space    used 7556K, capacity 8152K, committed 8192K, reserved 1048576K
}
Event: 6.982 GC heap after
{Heap after GC invocations=14 (full 0):
 garbage-first heap   total 155648K, used 26715K [0x0000000082000000, 0x0000000100000000)
  region size 1024K, 5 young (5120K), 5 survivors (5120K)
 Metaspace       used 58696K, capacity 60203K, committed 60288K, reserved 1101824K
  class space    used 7556K, capacity 8152K, committed 8192K, reserved 1048576K
}
Event: 7.995 GC heap before
{Heap before GC invocations=15 (full 0):
 garbage-first heap   total 155648K, used 113755K [0x0000000082000000, 0x0000000100000000)
  region size 1024K, 90 young (92160K), 5 survivors (5120K)
 Metaspace       used 71426K, capacity 73162K, committed 73292K, reserved 1112064K
  class space    used 9329K, capacity 10042K, committed 10060K, reserved 1048576K
}
Event: 8.003 GC heap after
{Heap after GC invocations=16 (full 0):
 garbage-first heap   total 155648K, used 30915K [0x0000000082000000, 0x0000000100000000)
  region size 1024K, 9 young (9216K), 9 survivors (9216K)
 Metaspace       used 71426K, capacity 73162K, committed 73292K, reserved 1112064K
  class space    used 9329K, capacity 10042K, committed 10060K, reserved 1048576K
}
Event: 11.421 GC heap before
{Heap before GC invocations=17 (full 0):
 garbage-first heap   total 155648K, used 114883K [0x0000000082000000, 0x0000000100000000)
  region size 1024K, 91 young (93184K), 9 survivors (9216K)
 Metaspace       used 76560K, capacity 78552K, committed 78796K, reserved 1118208K
  class space    used 10035K, capacity 10844K, committed 10956K, reserved 1048576K
}
Event: 11.430 GC heap after
{Heap after GC invocations=18 (full 0):
 garbage-first heap   total 155648K, used 36267K [0x0000000082000000, 0x0000000100000000)
  region size 1024K, 11 young (11264K), 11 survivors (11264K)
 Metaspace       used 76560K, capacity 78552K, committed 78796K, reserved 1118208K
  class space    used 10035K, capacity 10844K, committed 10956K, reserved 1048576K
}
Event: 23.120 GC heap before
{Heap before GC invocations=18 (full 0):
 garbage-first heap   total 155648K, used 118187K [0x0000000082000000, 0x0000000100000000)
  region size 1024K, 91 young (93184K), 11 survivors (11264K)
 Metaspace       used 86715K, capacity 88800K, committed 89164K, reserved 1126400K
  class space    used 11391K, capacity 12264K, committed 12364K, reserved 1048576K
}
Event: 23.129 GC heap after
{Heap after GC invocations=19 (full 0):
 garbage-first heap   total 155648K, used 41291K [0x0000000082000000, 0x0000000100000000)
  region size 1024K, 11 young (11264K), 11 survivors (11264K)
 Metaspace       used 86715K, capacity 88800K, committed 89164K, reserved 1126400K
  class space    used 11391K, capacity 12264K, committed 12364K, reserved 1048576K
}

