# JRE version: Java(TM) SE Runtime Environment 18.9 (11.0.11+9) (build 11.0.11+9-LTS-194)
# Java VM: Java HotSpot(TM) 64-Bit Server VM 18.9 (11.0.11+9-LTS-194, mixed mode, tiered, compressed oops, g1 gc, windows-amd64)
Heap:
 garbage-first heap   total 129024K, used 27389K [0x0000000082000000, 0x0000000100000000)
  region size 1024K, 20 young (20480K), 9 survivors (9216K)
 Metaspace       used 44576K, capacity 45700K, committed 45952K, reserved 1093632K
  class space    used 5504K, capacity 5970K, committed 6016K, reserved 1048576K
GC Heap History (10 events):
Event: 0.492 GC heap before
{Heap before GC invocations=0 (full 0):
 garbage-first heap   total 129024K, used 24576K [0x0000000082000000, 0x0000000100000000)
  region size 1024K, 24 young (24576K), 0 survivors (0K)
 Metaspace       used 10723K, capacity 10945K, committed 11136K, reserved 1058816K
  class space    used 1026K, capacity 1103K, committed 1152K, reserved 1048576K
}
Event: 0.496 GC heap after
{Heap after GC invocations=1 (full 0):
 garbage-first heap   total 129024K, used 6565K [0x0000000082000000, 0x0000000100000000)
  region size 1024K, 3 young (3072K), 3 survivors (3072K)
 Metaspace       used 10723K, capacity 10945K, committed 11136K, reserved 1058816K
  class space    used 1026K, capacity 1103K, committed 1152K, reserved 1048576K
}
Event: 2.169 GC heap before
{Heap before GC invocations=1 (full 0):
 garbage-first heap   total 129024K, used 44453K [0x0000000082000000, 0x0000000100000000)
  region size 1024K, 41 young (41984K), 3 survivors (3072K)
 Metaspace       used 20699K, capacity 21178K, committed 21248K, reserved 1069056K
  class space    used 2347K, capacity 2548K, committed 2560K, reserved 1048576K
}
Event: 2.174 GC heap after
{Heap after GC invocations=2 (full 0):
 garbage-first heap   total 129024K, used 9217K [0x0000000082000000, 0x0000000100000000)
  region size 1024K, 6 young (6144K), 6 survivors (6144K)
 Metaspace       used 20699K, capacity 21178K, committed 21248K, reserved 1069056K
  class space    used 2347K, capacity 2548K, committed 2560K, reserved 1048576K
}
Event: 2.477 GC heap before
{Heap before GC invocations=3 (full 0):
 garbage-first heap   total 129024K, used 54273K [0x0000000082000000, 0x0000000100000000)
  region size 1024K, 51 young (52224K), 6 survivors (6144K)
 Metaspace       used 28333K, capacity 28960K, committed 29312K, reserved 1075200K
  class space    used 3344K, capacity 3609K, committed 3712K, reserved 1048576K
}
Event: 2.483 GC heap after
{Heap after GC invocations=4 (full 0):
 garbage-first heap   total 129024K, used 10890K [0x0000000082000000, 0x0000000100000000)
  region size 1024K, 5 young (5120K), 5 survivors (5120K)
 Metaspace       used 28333K, capacity 28960K, committed 29312K, reserved 1075200K
  class space    used 3344K, capacity 3609K, committed 3712K, reserved 1048576K
}
Event: 4.638 GC heap before
{Heap before GC invocations=4 (full 0):
 garbage-first heap   total 129024K, used 67210K [0x0000000082000000, 0x0000000100000000)
  region size 1024K, 61 young (62464K), 5 survivors (5120K)
 Metaspace       used 34618K, capacity 35483K, committed 35840K, reserved 1081344K
  class space    used 4113K, capacity 4491K, committed 4608K, reserved 1048576K
}
Event: 4.645 GC heap after
{Heap after GC invocations=5 (full 0):
 garbage-first heap   total 129024K, used 13647K [0x0000000082000000, 0x0000000100000000)
  region size 1024K, 7 young (7168K), 7 survivors (7168K)
 Metaspace       used 34618K, capacity 35483K, committed 35840K, reserved 1081344K
  class space    used 4113K, capacity 4491K, committed 4608K, reserved 1048576K
}
Event: 4.703 GC heap before
{Heap before GC invocations=5 (full 0):
 garbage-first heap   total 129024K, used 14671K [0x0000000082000000, 0x0000000100000000)
  region size 1024K, 10 young (10240K), 7 survivors (7168K)
 Metaspace       used 34870K, capacity 35713K, committed 35840K, reserved 1081344K
  class space    used 4141K, capacity 4525K, committed 4608K, reserved 1048576K
}
Event: 4.710 GC heap after
{Heap after GC invocations=6 (full 0):
 garbage-first heap   total 129024K, used 13733K [0x0000000082000000, 0x0000000100000000)
  region size 1024K, 5 young (5120K), 5 survivors (5120K)
 Metaspace       used 34870K, capacity 35713K, committed 35840K, reserved 1081344K
  class space    used 4141K, capacity 4525K, committed 4608K, reserved 1048576K
}

