# JRE version: Java(TM) SE Runtime Environment 18.9 (11.0.11+9) (build 11.0.11+9-LTS-194)
# Java VM: Java HotSpot(TM) 64-Bit Server VM 18.9 (11.0.11+9-LTS-194, mixed mode, tiered, compressed oops, parallel gc, windows-amd64)
Heap:
 PSYoungGen      total 18432K, used 7682K [0x00000000eab00000, 0x00000000ec580000, 0x0000000100000000)
  eden space 14336K, 25% used [0x00000000eab00000,0x00000000eae87880,0x00000000eb900000)
  from space 4096K, 99% used [0x00000000ebe80000,0x00000000ec2790d8,0x00000000ec280000)
  to   space 5632K, 0% used [0x00000000eb900000,0x00000000eb900000,0x00000000ebe80000)
 ParOldGen       total 237056K, used 171152K [0x00000000c0000000, 0x00000000ce780000, 0x00000000eab00000)
  object space 237056K, 72% used [0x00000000c0000000,0x00000000ca7242e8,0x00000000ce780000)
 Metaspace       used 52526K, capacity 55122K, committed 55256K, reserved 1097728K
  class space    used 5231K, capacity 6285K, committed 6360K, reserved 1048576K
GC Heap History (10 events):
Event: 11.589 GC heap before
{Heap before GC invocations=82 (full 5):
 PSYoungGen      total 25600K, used 25592K [0x00000000eab00000, 0x00000000ecf00000, 0x0000000100000000)
  eden space 20992K, 100% used [0x00000000eab00000,0x00000000ebf80000,0x00000000ebf80000)
  from space 4608K, 99% used [0x00000000ebf80000,0x00000000ec3fe138,0x00000000ec400000)
  to   space 6656K, 0% used [0x00000000ec880000,0x00000000ec880000,0x00000000ecf00000)
 ParOldGen       total 176128K, used 156853K [0x00000000c0000000, 0x00000000cac00000, 0x00000000eab00000)
  object space 176128K, 89% used [0x00000000c0000000,0x00000000c992d490,0x00000000cac00000)
 Metaspace       used 52212K, capacity 54836K, committed 55000K, reserved 1097728K
  class space    used 5201K, capacity 6211K, committed 6360K, reserved 1048576K
}
Event: 11.603 GC heap after
{Heap after GC invocations=82 (full 5):
 PSYoungGen      total 20992K, used 6645K [0x00000000eab00000, 0x00000000ee100000, 0x0000000100000000)
  eden space 14336K, 0% used [0x00000000eab00000,0x00000000eab00000,0x00000000eb900000)
  from space 6656K, 99% used [0x00000000ec880000,0x00000000ecefd4a0,0x00000000ecf00000)
  to   space 15872K, 0% used [0x00000000eb900000,0x00000000eb900000,0x00000000ec880000)
 ParOldGen       total 176128K, used 164018K [0x00000000c0000000, 0x00000000cac00000, 0x00000000eab00000)
  object space 176128K, 93% used [0x00000000c0000000,0x00000000ca02ca20,0x00000000cac00000)
 Metaspace       used 52212K, capacity 54836K, committed 55000K, reserved 1097728K
  class space    used 5201K, capacity 6211K, committed 6360K, reserved 1048576K
}
Event: 11.647 GC heap before
{Heap before GC invocations=83 (full 5):
 PSYoungGen      total 20992K, used 20981K [0x00000000eab00000, 0x00000000ee100000, 0x0000000100000000)
  eden space 14336K, 100% used [0x00000000eab00000,0x00000000eb900000,0x00000000eb900000)
  from space 6656K, 99% used [0x00000000ec880000,0x00000000ecefd4a0,0x00000000ecf00000)
  to   space 15872K, 0% used [0x00000000eb900000,0x00000000eb900000,0x00000000ec880000)
 ParOldGen       total 176128K, used 164018K [0x00000000c0000000, 0x00000000cac00000, 0x00000000eab00000)
  object space 176128K, 93% used [0x00000000c0000000,0x00000000ca02ca20,0x00000000cac00000)
 Metaspace       used 52238K, capacity 54900K, committed 55256K, reserved 1097728K
  class space    used 5202K, capacity 6211K, committed 6360K, reserved 1048576K
}
Event: 11.656 GC heap after
{Heap after GC invocations=83 (full 5):
 PSYoungGen      total 16384K, used 1856K [0x00000000eab00000, 0x00000000ec900000, 0x0000000100000000)
  eden space 14336K, 0% used [0x00000000eab00000,0x00000000eab00000,0x00000000eb900000)
  from space 2048K, 90% used [0x00000000eb900000,0x00000000ebad0000,0x00000000ebb00000)
  to   space 6656K, 0% used [0x00000000ec280000,0x00000000ec280000,0x00000000ec900000)
 ParOldGen       total 176128K, used 170438K [0x00000000c0000000, 0x00000000cac00000, 0x00000000eab00000)
  object space 176128K, 96% used [0x00000000c0000000,0x00000000ca6719f8,0x00000000cac00000)
 Metaspace       used 52238K, capacity 54900K, committed 55256K, reserved 1097728K
  class space    used 5202K, capacity 6211K, committed 6360K, reserved 1048576K
}
Event: 11.656 GC heap before
{Heap before GC invocations=84 (full 6):
 PSYoungGen      total 16384K, used 1856K [0x00000000eab00000, 0x00000000ec900000, 0x0000000100000000)
  eden space 14336K, 0% used [0x00000000eab00000,0x00000000eab00000,0x00000000eb900000)
  from space 2048K, 90% used [0x00000000eb900000,0x00000000ebad0000,0x00000000ebb00000)
  to   space 6656K, 0% used [0x00000000ec280000,0x00000000ec280000,0x00000000ec900000)
 ParOldGen       total 176128K, used 170438K [0x00000000c0000000, 0x00000000cac00000, 0x00000000eab00000)
  object space 176128K, 96% used [0x00000000c0000000,0x00000000ca6719f8,0x00000000cac00000)
 Metaspace       used 52238K, capacity 54900K, committed 55256K, reserved 1097728K
  class space    used 5202K, capacity 6211K, committed 6360K, reserved 1048576K
}
Event: 11.843 GC heap after
{Heap after GC invocations=84 (full 6):
 PSYoungGen      total 20992K, used 0K [0x00000000eab00000, 0x00000000ec780000, 0x0000000100000000)
  eden space 15872K, 0% used [0x00000000eab00000,0x00000000eab00000,0x00000000eba80000)
  from space 5120K, 0% used [0x00000000ec280000,0x00000000ec280000,0x00000000ec780000)
  to   space 6656K, 0% used [0x00000000eba80000,0x00000000eba80000,0x00000000ec100000)
 ParOldGen       total 237056K, used 164374K [0x00000000c0000000, 0x00000000ce780000, 0x00000000eab00000)
  object space 237056K, 69% used [0x00000000c0000000,0x00000000ca085b58,0x00000000ce780000)
 Metaspace       used 52238K, capacity 54900K, committed 55256K, reserved 1097728K
  class space    used 5202K, capacity 6211K, committed 6360K, reserved 1048576K
}
Event: 11.899 GC heap before
{Heap before GC invocations=85 (full 6):
 PSYoungGen      total 20992K, used 15872K [0x00000000eab00000, 0x00000000ec780000, 0x0000000100000000)
  eden space 15872K, 100% used [0x00000000eab00000,0x00000000eba80000,0x00000000eba80000)
  from space 5120K, 0% used [0x00000000ec280000,0x00000000ec280000,0x00000000ec780000)
  to   space 6656K, 0% used [0x00000000eba80000,0x00000000eba80000,0x00000000ec100000)
 ParOldGen       total 237056K, used 164374K [0x00000000c0000000, 0x00000000ce780000, 0x00000000eab00000)
  object space 237056K, 69% used [0x00000000c0000000,0x00000000ca085b58,0x00000000ce780000)
 Metaspace       used 52328K, capacity 54986K, committed 55256K, reserved 1097728K
  class space    used 5207K, capacity 6217K, committed 6360K, reserved 1048576K
}
Event: 11.902 GC heap after
{Heap after GC invocations=85 (full 6):
 PSYoungGen      total 18944K, used 2877K [0x00000000eab00000, 0x00000000ec300000, 0x0000000100000000)
  eden space 15872K, 0% used [0x00000000eab00000,0x00000000eab00000,0x00000000eba80000)
  from space 3072K, 93% used [0x00000000eba80000,0x00000000ebd4f5e0,0x00000000ebd80000)
  to   space 3584K, 0% used [0x00000000ebf80000,0x00000000ebf80000,0x00000000ec300000)
 ParOldGen       total 237056K, used 164382K [0x00000000c0000000, 0x00000000ce780000, 0x00000000eab00000)
  object space 237056K, 69% used [0x00000000c0000000,0x00000000ca087b58,0x00000000ce780000)
 Metaspace       used 52328K, capacity 54986K, committed 55256K, reserved 1097728K
  class space    used 5207K, capacity 6217K, committed 6360K, reserved 1048576K
}
Event: 11.954 GC heap before
{Heap before GC invocations=86 (full 6):
 PSYoungGen      total 18944K, used 18749K [0x00000000eab00000, 0x00000000ec300000, 0x0000000100000000)
  eden space 15872K, 100% used [0x00000000eab00000,0x00000000eba80000,0x00000000eba80000)
  from space 3072K, 93% used [0x00000000eba80000,0x00000000ebd4f5e0,0x00000000ebd80000)
  to   space 3584K, 0% used [0x00000000ebf80000,0x00000000ebf80000,0x00000000ec300000)
 ParOldGen       total 237056K, used 164382K [0x00000000c0000000, 0x00000000ce780000, 0x00000000eab00000)
  object space 237056K, 69% used [0x00000000c0000000,0x00000000ca087b58,0x00000000ce780000)
 Metaspace       used 52454K, capacity 55084K, committed 55256K, reserved 1097728K
  class space    used 5225K, capacity 6251K, committed 6360K, reserved 1048576K
}
Event: 11.961 GC heap after
{Heap after GC invocations=86 (full 6):
 PSYoungGen      total 17920K, used 3554K [0x00000000eab00000, 0x00000000ec900000, 0x0000000100000000)
  eden space 14336K, 0% used [0x00000000eab00000,0x00000000eab00000,0x00000000eb900000)
  from space 3584K, 99% used [0x00000000ebf80000,0x00000000ec2f8a58,0x00000000ec300000)
  to   space 6656K, 0% used [0x00000000eb900000,0x00000000eb900000,0x00000000ebf80000)
 ParOldGen       total 237056K, used 166722K [0x00000000c0000000, 0x00000000ce780000, 0x00000000eab00000)
  object space 237056K, 70% used [0x00000000c0000000,0x00000000ca2d0bd8,0x00000000ce780000)
 Metaspace       used 52454K, capacity 55084K, committed 55256K, reserved 1097728K
  class space    used 5225K, capacity 6251K, committed 6360K, reserved 1048576K
}

