# JRE version: Java(TM) SE Runtime Environment 18.9 (11.0.11+9) (build 11.0.11+9-LTS-194)
# Java VM: Java HotSpot(TM) 64-Bit Server VM 18.9 (11.0.11+9-LTS-194, mixed mode, tiered, compressed oops, parallel gc, windows-amd64)
Heap:
 PSYoungGen      total 23552K, used 20181K [0x00000000eab00000, 0x00000000ec600000, 0x0000000100000000)
  eden space 22016K, 86% used [0x00000000eab00000,0x00000000ebd85770,0x00000000ec080000)
  from space 1536K, 79% used [0x00000000ec480000,0x00000000ec5b0000,0x00000000ec600000)
  to   space 1536K, 0% used [0x00000000ec300000,0x00000000ec300000,0x00000000ec480000)
 ParOldGen       total 68608K, used 12722K [0x00000000c0000000, 0x00000000c4300000, 0x00000000eab00000)
  object space 68608K, 18% used [0x00000000c0000000,0x00000000c0c6c8f0,0x00000000c4300000)
 Metaspace       used 39794K, capacity 41914K, committed 42160K, reserved 1087488K
  class space    used 4172K, capacity 5027K, committed 5120K, reserved 1048576K
GC Heap History (10 events):
Event: 2.435 GC heap before
{Heap before GC invocations=8 (full 1):
 PSYoungGen      total 26624K, used 26617K [0x00000000eab00000, 0x00000000ecc00000, 0x0000000100000000)
  eden space 23552K, 100% used [0x00000000eab00000,0x00000000ec200000,0x00000000ec200000)
  from space 3072K, 99% used [0x00000000ec680000,0x00000000ec97e538,0x00000000ec980000)
  to   space 4608K, 0% used [0x00000000ec200000,0x00000000ec200000,0x00000000ec680000)
 ParOldGen       total 68608K, used 8022K [0x00000000c0000000, 0x00000000c4300000, 0x00000000eab00000)
  object space 68608K, 11% used [0x00000000c0000000,0x00000000c07d5bf0,0x00000000c4300000)
 Metaspace       used 30736K, capacity 32947K, committed 33072K, reserved 1079296K
  class space    used 3066K, capacity 3847K, committed 3968K, reserved 1048576K
}
Event: 2.441 GC heap after
{Heap after GC invocations=8 (full 1):
 PSYoungGen      total 27648K, used 4136K [0x00000000eab00000, 0x00000000eca80000, 0x0000000100000000)
  eden space 23040K, 0% used [0x00000000eab00000,0x00000000eab00000,0x00000000ec180000)
  from space 4608K, 89% used [0x00000000ec200000,0x00000000ec60a000,0x00000000ec680000)
  to   space 4096K, 0% used [0x00000000ec680000,0x00000000ec680000,0x00000000eca80000)
 ParOldGen       total 68608K, used 8030K [0x00000000c0000000, 0x00000000c4300000, 0x00000000eab00000)
  object space 68608K, 11% used [0x00000000c0000000,0x00000000c07d7bf0,0x00000000c4300000)
 Metaspace       used 30736K, capacity 32947K, committed 33072K, reserved 1079296K
  class space    used 3066K, capacity 3847K, committed 3968K, reserved 1048576K
}
Event: 2.713 GC heap before
{Heap before GC invocations=9 (full 1):
 PSYoungGen      total 27648K, used 25041K [0x00000000eab00000, 0x00000000eca80000, 0x0000000100000000)
  eden space 23040K, 90% used [0x00000000eab00000,0x00000000ebf6a450,0x00000000ec180000)
  from space 4608K, 89% used [0x00000000ec200000,0x00000000ec60a000,0x00000000ec680000)
  to   space 4096K, 0% used [0x00000000ec680000,0x00000000ec680000,0x00000000eca80000)
 ParOldGen       total 68608K, used 8030K [0x00000000c0000000, 0x00000000c4300000, 0x00000000eab00000)
  object space 68608K, 11% used [0x00000000c0000000,0x00000000c07d7bf0,0x00000000c4300000)
 Metaspace       used 33247K, capacity 35298K, committed 35376K, reserved 1081344K
  class space    used 3346K, capacity 4198K, committed 4224K, reserved 1048576K
}
Event: 2.717 GC heap after
{Heap after GC invocations=9 (full 1):
 PSYoungGen      total 27136K, used 4086K [0x00000000eab00000, 0x00000000ecb80000, 0x0000000100000000)
  eden space 23040K, 0% used [0x00000000eab00000,0x00000000eab00000,0x00000000ec180000)
  from space 4096K, 99% used [0x00000000ec680000,0x00000000eca7d988,0x00000000eca80000)
  to   space 5120K, 0% used [0x00000000ec180000,0x00000000ec180000,0x00000000ec680000)
 ParOldGen       total 68608K, used 8815K [0x00000000c0000000, 0x00000000c4300000, 0x00000000eab00000)
  object space 68608K, 12% used [0x00000000c0000000,0x00000000c089bc50,0x00000000c4300000)
 Metaspace       used 33247K, capacity 35298K, committed 35376K, reserved 1081344K
  class space    used 3346K, capacity 4198K, committed 4224K, reserved 1048576K
}
Event: 2.717 GC heap before
{Heap before GC invocations=10 (full 2):
 PSYoungGen      total 27136K, used 4086K [0x00000000eab00000, 0x00000000ecb80000, 0x0000000100000000)
  eden space 23040K, 0% used [0x00000000eab00000,0x00000000eab00000,0x00000000ec180000)
  from space 4096K, 99% used [0x00000000ec680000,0x00000000eca7d988,0x00000000eca80000)
  to   space 5120K, 0% used [0x00000000ec180000,0x00000000ec180000,0x00000000ec680000)
 ParOldGen       total 68608K, used 8815K [0x00000000c0000000, 0x00000000c4300000, 0x00000000eab00000)
  object space 68608K, 12% used [0x00000000c0000000,0x00000000c089bc50,0x00000000c4300000)
 Metaspace       used 33247K, capacity 35298K, committed 35376K, reserved 1081344K
  class space    used 3346K, capacity 4198K, committed 4224K, reserved 1048576K
}
Event: 2.765 GC heap after
{Heap after GC invocations=10 (full 2):
 PSYoungGen      total 27136K, used 0K [0x00000000eab00000, 0x00000000ecb80000, 0x0000000100000000)
  eden space 23040K, 0% used [0x00000000eab00000,0x00000000eab00000,0x00000000ec180000)
  from space 4096K, 0% used [0x00000000ec680000,0x00000000ec680000,0x00000000eca80000)
  to   space 5120K, 0% used [0x00000000ec180000,0x00000000ec180000,0x00000000ec680000)
 ParOldGen       total 68608K, used 12706K [0x00000000c0000000, 0x00000000c4300000, 0x00000000eab00000)
  object space 68608K, 18% used [0x00000000c0000000,0x00000000c0c688f0,0x00000000c4300000)
 Metaspace       used 33247K, capacity 35298K, committed 35376K, reserved 1081344K
  class space    used 3346K, capacity 4198K, committed 4224K, reserved 1048576K
}
Event: 2.986 GC heap before
{Heap before GC invocations=11 (full 2):
 PSYoungGen      total 27136K, used 23040K [0x00000000eab00000, 0x00000000ecb80000, 0x0000000100000000)
  eden space 23040K, 100% used [0x00000000eab00000,0x00000000ec180000,0x00000000ec180000)
  from space 4096K, 0% used [0x00000000ec680000,0x00000000ec680000,0x00000000eca80000)
  to   space 5120K, 0% used [0x00000000ec180000,0x00000000ec180000,0x00000000ec680000)
 ParOldGen       total 68608K, used 12706K [0x00000000c0000000, 0x00000000c4300000, 0x00000000eab00000)
  object space 68608K, 18% used [0x00000000c0000000,0x00000000c0c688f0,0x00000000c4300000)
 Metaspace       used 35322K, capacity 37485K, committed 37680K, reserved 1083392K
  class space    used 3604K, capacity 4433K, committed 4480K, reserved 1048576K
}
Event: 2.987 GC heap after
{Heap after GC invocations=11 (full 2):
 PSYoungGen      total 23552K, used 576K [0x00000000eab00000, 0x00000000ec700000, 0x0000000100000000)
  eden space 22528K, 0% used [0x00000000eab00000,0x00000000eab00000,0x00000000ec100000)
  from space 1024K, 56% used [0x00000000ec180000,0x00000000ec210000,0x00000000ec280000)
  to   space 2560K, 0% used [0x00000000ec480000,0x00000000ec480000,0x00000000ec700000)
 ParOldGen       total 68608K, used 12714K [0x00000000c0000000, 0x00000000c4300000, 0x00000000eab00000)
  object space 68608K, 18% used [0x00000000c0000000,0x00000000c0c6a8f0,0x00000000c4300000)
 Metaspace       used 35322K, capacity 37485K, committed 37680K, reserved 1083392K
  class space    used 3604K, capacity 4433K, committed 4480K, reserved 1048576K
}
Event: 3.173 GC heap before
{Heap before GC invocations=12 (full 2):
 PSYoungGen      total 23552K, used 23104K [0x00000000eab00000, 0x00000000ec700000, 0x0000000100000000)
  eden space 22528K, 100% used [0x00000000eab00000,0x00000000ec100000,0x00000000ec100000)
  from space 1024K, 56% used [0x00000000ec180000,0x00000000ec210000,0x00000000ec280000)
  to   space 2560K, 0% used [0x00000000ec480000,0x00000000ec480000,0x00000000ec700000)
 ParOldGen       total 68608K, used 12714K [0x00000000c0000000, 0x00000000c4300000, 0x00000000eab00000)
  object space 68608K, 18% used [0x00000000c0000000,0x00000000c0c6a8f0,0x00000000c4300000)
 Metaspace       used 37656K, capacity 39824K, committed 40112K, reserved 1085440K
  class space    used 3899K, capacity 4764K, committed 4864K, reserved 1048576K
}
Event: 3.174 GC heap after
{Heap after GC invocations=12 (full 2):
 PSYoungGen      total 23552K, used 1216K [0x00000000eab00000, 0x00000000ec600000, 0x0000000100000000)
  eden space 22016K, 0% used [0x00000000eab00000,0x00000000eab00000,0x00000000ec080000)
  from space 1536K, 79% used [0x00000000ec480000,0x00000000ec5b0000,0x00000000ec600000)
  to   space 1536K, 0% used [0x00000000ec300000,0x00000000ec300000,0x00000000ec480000)
 ParOldGen       total 68608K, used 12722K [0x00000000c0000000, 0x00000000c4300000, 0x00000000eab00000)
  object space 68608K, 18% used [0x00000000c0000000,0x00000000c0c6c8f0,0x00000000c4300000)
 Metaspace       used 37656K, capacity 39824K, committed 40112K, reserved 1085440K
  class space    used 3899K, capacity 4764K, committed 4864K, reserved 1048576K
}

